# JRE version: OpenJDK Runtime Environment (8.0_382-b05) (build 1.8.0_382-b05)
# Java VM: OpenJDK 64-Bit Server VM (25.382-b05 mixed mode windows-amd64 compressed oops)
Heap:
 PSYoungGen      total 5568512K, used 1825675K [0x000000066c180000, 0x00000007c0000000, 0x00000007c0000000)
  eden space 5568000K, 32% used [0x000000066c180000,0x00000006db862ec8,0x00000007bff00000)
  from space 512K, 0% used [0x00000007bff00000,0x00000007bff00000,0x00000007bff80000)
  to   space 512K, 0% used [0x00000007bff80000,0x00000007bff80000,0x00000007c0000000)
 ParOldGen       total 5558784K, used 1856863K [0x00000003c4400000, 0x0000000517880000, 0x000000066c180000)
  object space 5558784K, 33% used [0x00000003c4400000,0x0000000435957c98,0x0000000517880000)
 Metaspace       used 18370K, capacity 18858K, committed 19072K, reserved 1067008K
  class space    used 1990K, capacity 2119K, committed 2176K, reserved 1048576K
GC Heap History (10 events):
Event: 1125.022 GC heap before
{Heap before GC invocations=423 (full 8):
 PSYoungGen      total 5568512K, used 128K [0x000000066c180000, 0x00000007c0000000, 0x00000007c0000000)
  eden space 5568000K, 0% used [0x000000066c180000,0x000000066c180000,0x00000007bff00000)
  from space 512K, 25% used [0x00000007bff00000,0x00000007bff20000,0x00000007bff80000)
  to   space 512K, 0% used [0x00000007bff80000,0x00000007bff80000,0x00000007c0000000)
 ParOldGen       total 3976704K, used 3734554K [0x00000003c4400000, 0x00000004b6f80000, 0x000000066c180000)
  object space 3976704K, 93% used [0x00000003c4400000,0x00000004a8306968,0x00000004b6f80000)
 Metaspace       used 18370K, capacity 18858K, committed 19072K, reserved 1067008K
  class space    used 1990K, capacity 2119K, committed 2176K, reserved 1048576K
Event: 1125.237 GC heap after
Heap after GC invocations=423 (full 8):
 PSYoungGen      total 5568512K, used 0K [0x000000066c180000, 0x00000007c0000000, 0x00000007c0000000)
  eden space 5568000K, 0% used [0x000000066c180000,0x000000066c180000,0x00000007bff00000)
  from space 512K, 0% used [0x00000007bff00000,0x00000007bff00000,0x00000007bff80000)
  to   space 512K, 0% used [0x00000007bff80000,0x00000007bff80000,0x00000007c0000000)
 ParOldGen       total 4583936K, used 1856863K [0x00000003c4400000, 0x00000004dc080000, 0x000000066c180000)
  object space 4583936K, 40% used [0x00000003c4400000,0x0000000435957c98,0x00000004dc080000)
 Metaspace       used 18370K, capacity 18858K, committed 19072K, reserved 1067008K
  class space    used 1990K, capacity 2119K, committed 2176K, reserved 1048576K
}
Event: 1136.264 GC heap before
{Heap before GC invocations=424 (full 8):
 PSYoungGen      total 5568512K, used 5473480K [0x000000066c180000, 0x00000007c0000000, 0x00000007c0000000)
  eden space 5568000K, 98% used [0x000000066c180000,0x00000007ba2b21e8,0x00000007bff00000)
  from space 512K, 0% used [0x00000007bff00000,0x00000007bff00000,0x00000007bff80000)
  to   space 512K, 0% used [0x00000007bff80000,0x00000007bff80000,0x00000007c0000000)
 ParOldGen       total 4583936K, used 1856863K [0x00000003c4400000, 0x00000004dc080000, 0x000000066c180000)
  object space 4583936K, 40% used [0x00000003c4400000,0x0000000435957c98,0x00000004dc080000)
 Metaspace       used 18370K, capacity 18858K, committed 19072K, reserved 1067008K
  class space    used 1990K, capacity 2119K, committed 2176K, reserved 1048576K
Event: 1136.427 GC heap after
Heap after GC invocations=424 (full 8):
 PSYoungGen      total 5568512K, used 64K [0x000000066c180000, 0x00000007c0000000, 0x00000007c0000000)
  eden space 5568000K, 0% used [0x000000066c180000,0x000000066c180000,0x00000007bff00000)
  from space 512K, 12% used [0x00000007bff80000,0x00000007bff90000,0x00000007c0000000)
  to   space 512K, 0% used [0x00000007bff00000,0x00000007bff00000,0x00000007bff80000)
 ParOldGen       total 4583936K, used 3734511K [0x00000003c4400000, 0x00000004dc080000, 0x000000066c180000)
  object space 4583936K, 81% used [0x00000003c4400000,0x00000004a82fbc00,0x00000004dc080000)
 Metaspace       used 18370K, capacity 18858K, committed 19072K, reserved 1067008K
  class space    used 1990K, capacity 2119K, committed 2176K, reserved 1048576K
}
Event: 1136.427 GC heap before
{Heap before GC invocations=425 (full 9):
 PSYoungGen      total 5568512K, used 64K [0x000000066c180000, 0x00000007c0000000, 0x00000007c0000000)
  eden space 5568000K, 0% used [0x000000066c180000,0x000000066c180000,0x00000007bff00000)
  from space 512K, 12% used [0x00000007bff80000,0x00000007bff90000,0x00000007c0000000)
  to   space 512K, 0% used [0x00000007bff00000,0x00000007bff00000,0x00000007bff80000)
 ParOldGen       total 4583936K, used 3734511K [0x00000003c4400000, 0x00000004dc080000, 0x000000066c180000)
  object space 4583936K, 81% used [0x00000003c4400000,0x00000004a82fbc00,0x00000004dc080000)
 Metaspace       used 18370K, capacity 18858K, committed 19072K, reserved 1067008K
  class space    used 1990K, capacity 2119K, committed 2176K, reserved 1048576K
Event: 1136.636 GC heap after
Heap after GC invocations=425 (full 9):
 PSYoungGen      total 5568512K, used 0K [0x000000066c180000, 0x00000007c0000000, 0x00000007c0000000)
  eden space 5568000K, 0% used [0x000000066c180000,0x000000066c180000,0x00000007bff00000)
  from space 512K, 0% used [0x00000007bff80000,0x00000007bff80000,0x00000007c0000000)
  to   space 512K, 0% used [0x00000007bff00000,0x00000007bff00000,0x00000007bff80000)
 ParOldGen       total 5099008K, used 1856863K [0x00000003c4400000, 0x00000004fb780000, 0x000000066c180000)
  object space 5099008K, 36% used [0x00000003c4400000,0x0000000435957c98,0x00000004fb780000)
 Metaspace       used 18370K, capacity 18858K, committed 19072K, reserved 1067008K
  class space    used 1990K, capacity 2119K, committed 2176K, reserved 1048576K
}
Event: 1140.709 GC heap before
{Heap before GC invocations=426 (full 9):
 PSYoungGen      total 5568512K, used 5467930K [0x000000066c180000, 0x00000007c0000000, 0x00000007c0000000)
  eden space 5568000K, 98% used [0x000000066c180000,0x00000007b9d468a0,0x00000007bff00000)
  from space 512K, 0% used [0x00000007bff80000,0x00000007bff80000,0x00000007c0000000)
  to   space 512K, 0% used [0x00000007bff00000,0x00000007bff00000,0x00000007bff80000)
 ParOldGen       total 5099008K, used 1856863K [0x00000003c4400000, 0x00000004fb780000, 0x000000066c180000)
  object space 5099008K, 36% used [0x00000003c4400000,0x0000000435957c98,0x00000004fb780000)
 Metaspace       used 18370K, capacity 18858K, committed 19072K, reserved 1067008K
  class space    used 1990K, capacity 2119K, committed 2176K, reserved 1048576K
Event: 1140.883 GC heap after
Heap after GC invocations=426 (full 9):
 PSYoungGen      total 5568512K, used 64K [0x000000066c180000, 0x00000007c0000000, 0x00000007c0000000)
  eden space 5568000K, 0% used [0x000000066c180000,0x000000066c180000,0x00000007bff00000)
  from space 512K, 12% used [0x00000007bff00000,0x00000007bff10000,0x00000007bff80000)
  to   space 512K, 0% used [0x00000007bff80000,0x00000007bff80000,0x00000007c0000000)
 ParOldGen       total 5099008K, used 3734511K [0x00000003c4400000, 0x00000004fb780000, 0x000000066c180000)
  object space 5099008K, 73% used [0x00000003c4400000,0x00000004a82fbc00,0x00000004fb780000)
 Metaspace       used 18370K, capacity 18858K, committed 19072K, reserved 1067008K
  class space    used 1990K, capacity 2119K, committed 2176K, reserved 1048576K
}
Event: 1140.883 GC heap before
{Heap before GC invocations=427 (full 10):
 PSYoungGen      total 5568512K, used 64K [0x000000066c180000, 0x00000007c0000000, 0x00000007c0000000)
  eden space 5568000K, 0% used [0x000000066c180000,0x000000066c180000,0x00000007bff00000)
  from space 512K, 12% used [0x00000007bff00000,0x00000007bff10000,0x00000007bff80000)
  to   space 512K, 0% used [0x00000007bff80000,0x00000007bff80000,0x00000007c0000000)
 ParOldGen       total 5099008K, used 3734511K [0x00000003c4400000, 0x00000004fb780000, 0x000000066c180000)
  object space 5099008K, 73% used [0x00000003c4400000,0x00000004a82fbc00,0x00000004fb780000)
 Metaspace       used 18370K, capacity 18858K, committed 19072K, reserved 1067008K
  class space    used 1990K, capacity 2119K, committed 2176K, reserved 1048576K
Event: 1141.077 GC heap after
Heap after GC invocations=427 (full 10):
 PSYoungGen      total 5568512K, used 0K [0x000000066c180000, 0x00000007c0000000, 0x00000007c0000000)
  eden space 5568000K, 0% used [0x000000066c180000,0x000000066c180000,0x00000007bff00000)
  from space 512K, 0% used [0x00000007bff00000,0x00000007bff00000,0x00000007bff80000)
  to   space 512K, 0% used [0x00000007bff80000,0x00000007bff80000,0x00000007c0000000)
 ParOldGen       total 5558784K, used 1856863K [0x00000003c4400000, 0x0000000517880000, 0x000000066c180000)
  object space 5558784K, 33% used [0x00000003c4400000,0x0000000435957c98,0x0000000517880000)
 Metaspace       used 18370K, capacity 18858K, committed 19072K, reserved 1067008K
  class space    used 1990K, capacity 2119K, committed 2176K, reserved 1048576K
}

